<?xml version="1.0" encoding="UTF-8"?>
<!-- Generated by org.testng.reporters.JUnitReportReporter -->
<testsuite hostname="Janusz-Kossowski-mac.local" name="org.kossowski.optima.util.MarshallerBuilderTest" tests="31" failures="0" timestamp="6 Mar 2017 09:55:53 GMT" time="0.100" errors="0">
  <testcase name="dwUmowaZlecenie" time="0.002" classname="org.kossowski.optima.util.MarshallerBuilderTest"/>
  <testcase name="dwZajecieKomornicze" time="0.002" classname="org.kossowski.optima.util.MarshallerBuilderTest"/>
  <testcase name="dwPraca" time="0.002" classname="org.kossowski.optima.util.MarshallerBuilderTest"/>
  <testcase name="appFactorAppOptima2" time="0.008" classname="org.kossowski.optima.util.MarshallerBuilderTest"/>
  <testcase name="dwZasilekPrzedemerytalny" time="0.001" classname="org.kossowski.optima.util.MarshallerBuilderTest"/>
  <testcase name="addrAdresZamieszkania" time="0.003" classname="org.kossowski.optima.util.MarshallerBuilderTest"/>
  <testcase name="docWyciagBankowy" time="0.002" classname="org.kossowski.optima.util.MarshallerBuilderTest"/>
  <testcase name="docOswiadczenie" time="0.002" classname="org.kossowski.optima.util.MarshallerBuilderTest"/>
  <testcase name="posrPosrednictwoFactor" time="0.001" classname="org.kossowski.optima.util.MarshallerBuilderTest"/>
  <testcase name="dwInneDochod" time="0.002" classname="org.kossowski.optima.util.MarshallerBuilderTest"/>
  <testcase name="dwInneWydatek" time="0.001" classname="org.kossowski.optima.util.MarshallerBuilderTest"/>
  <testcase name="dwRenta" time="0.001" classname="org.kossowski.optima.util.MarshallerBuilderTest"/>
  <testcase name="docOdcinek" time="0.002" classname="org.kossowski.optima.util.MarshallerBuilderTest"/>
  <testcase name="dwDzialalnoscGpodarcza" time="0.004" classname="org.kossowski.optima.util.MarshallerBuilderTest"/>
  <testcase name="docDecyzja" time="0.002" classname="org.kossowski.optima.util.MarshallerBuilderTest"/>
  <testcase name="dwUmowaDzielo" time="0.001" classname="org.kossowski.optima.util.MarshallerBuilderTest"/>
  <testcase name="appFactorAppOptima1" time="0.003" classname="org.kossowski.optima.util.MarshallerBuilderTest"/>
  <testcase name="dwGospodarstwoRolne" time="0.002" classname="org.kossowski.optima.util.MarshallerBuilderTest"/>
  <testcase name="docDzialalnoscGospodarcza" time="0.001" classname="org.kossowski.optima.util.MarshallerBuilderTest"/>
  <testcase name="dwMOPS" time="0.003" classname="org.kossowski.optima.util.MarshallerBuilderTest"/>
  <testcase name="docRmua" time="0.002" classname="org.kossowski.optima.util.MarshallerBuilderTest"/>
  <testcase name="dwPracaBrakDokumentow" time="0.003" classname="org.kossowski.optima.util.MarshallerBuilderTest"/>
  <testcase name="appAppOptima" time="0.024" classname="org.kossowski.optima.util.MarshallerBuilderTest"/>
  <testcase name="addrAdresMeldunkowy" time="0.009" classname="org.kossowski.optima.util.MarshallerBuilderTest"/>
  <testcase name="docInne" time="0.002" classname="org.kossowski.optima.util.MarshallerBuilderTest"/>
  <testcase name="posrPosrednictwoApp" time="0.002" classname="org.kossowski.optima.util.MarshallerBuilderTest"/>
  <testcase name="docZaswiadczenieZus" time="0.003" classname="org.kossowski.optima.util.MarshallerBuilderTest"/>
  <testcase name="dwEmerytura" time="0.001" classname="org.kossowski.optima.util.MarshallerBuilderTest"/>
  <testcase name="docZaswiadczenieZp" time="0.002" classname="org.kossowski.optima.util.MarshallerBuilderTest"/>
  <testcase name="docPasek" time="0.002" classname="org.kossowski.optima.util.MarshallerBuilderTest"/>
  <testcase name="appFactorAppOptima" time="0.005" classname="org.kossowski.optima.util.MarshallerBuilderTest"/>
</testsuite> <!-- org.kossowski.optima.util.MarshallerBuilderTest -->
